0 info it worked if it ends with ok
1 verbose cli [ '/Users/lmansilla/.nvm/versions/node/v6.9.2/bin/node',
1 verbose cli   '/Users/lmansilla/.nvm/versions/node/v6.9.2/bin/npm',
1 verbose cli   'run',
1 verbose cli   'dev' ]
2 info using npm@3.10.9
3 info using node@v6.9.2
4 verbose run-script [ 'predev', 'dev', 'postdev' ]
5 info lifecycle client@0.1.0~predev: client@0.1.0
6 silly lifecycle client@0.1.0~predev: no script for predev, continuing
7 info lifecycle client@0.1.0~dev: client@0.1.0
8 verbose lifecycle client@0.1.0~dev: unsafe-perm in lifecycle true
9 verbose lifecycle client@0.1.0~dev: PATH: /Users/lmansilla/.nvm/versions/node/v6.9.2/lib/node_modules/npm/bin/node-gyp-bin:/Users/lmansilla/Documents/proyects/HACKATON/prolouge/node_modules/.bin:/usr/local/opt/gettext//bin:/Users/lmansilla/.nvm/versions/node/v6.9.2/bin:/Users/lmansilla/.sdkman/candidates/java/current/bin:/Users/lmansilla/.sdkman/candidates/groovy/current/bin:/Users/lmansilla/.sdkman/candidates/grails/current/bin:/usr/local/bin:/usr/bin:/bin:/usr/sbin:/sbin:/opt/X11/bin:/Users/lmansilla/Documents/proyects/golang/bin:/usr/local/opt/go/libexec/bin
10 verbose lifecycle client@0.1.0~dev: CWD: /Users/lmansilla/Documents/proyects/HACKATON/prolouge
11 silly lifecycle client@0.1.0~dev: Args: [ '-c', 'cross-env NODE_ENV=development grommet pack' ]
12 silly lifecycle client@0.1.0~dev: Returned: code: 1  signal: null
13 info lifecycle client@0.1.0~dev: Failed to exec dev script
14 verbose stack Error: client@0.1.0 dev: `cross-env NODE_ENV=development grommet pack`
14 verbose stack Exit status 1
14 verbose stack     at EventEmitter.<anonymous> (/Users/lmansilla/.nvm/versions/node/v6.9.2/lib/node_modules/npm/lib/utils/lifecycle.js:255:16)
14 verbose stack     at emitTwo (events.js:106:13)
14 verbose stack     at EventEmitter.emit (events.js:191:7)
14 verbose stack     at ChildProcess.<anonymous> (/Users/lmansilla/.nvm/versions/node/v6.9.2/lib/node_modules/npm/lib/utils/spawn.js:40:14)
14 verbose stack     at emitTwo (events.js:106:13)
14 verbose stack     at ChildProcess.emit (events.js:191:7)
14 verbose stack     at maybeClose (internal/child_process.js:877:16)
14 verbose stack     at Process.ChildProcess._handle.onexit (internal/child_process.js:226:5)
15 verbose pkgid client@0.1.0
16 verbose cwd /Users/lmansilla/Documents/proyects/HACKATON/prolouge
17 error Darwin 17.5.0
18 error argv "/Users/lmansilla/.nvm/versions/node/v6.9.2/bin/node" "/Users/lmansilla/.nvm/versions/node/v6.9.2/bin/npm" "run" "dev"
19 error node v6.9.2
20 error npm  v3.10.9
21 error code ELIFECYCLE
22 error client@0.1.0 dev: `cross-env NODE_ENV=development grommet pack`
22 error Exit status 1
23 error Failed at the client@0.1.0 dev script 'cross-env NODE_ENV=development grommet pack'.
23 error Make sure you have the latest version of node.js and npm installed.
23 error If you do, this is most likely a problem with the client package,
23 error not with npm itself.
23 error Tell the author that this fails on your system:
23 error     cross-env NODE_ENV=development grommet pack
23 error You can get information on how to open an issue for this project with:
23 error     npm bugs client
23 error Or if that isn't available, you can get their info via:
23 error     npm owner ls client
23 error There is likely additional logging output above.
24 verbose exit [ 1, true ]
